2020-04-21 00:00:00,008+0000 INFO  [quartz-4-thread-20]  *SYSTEM org.sonatype.nexus.quartz.internal.task.QuartzTaskInfo - Task 'Storage facet cleanup' [repository.storage-facet-cleanup] state change WAITING -> RUNNING
2020-04-21 00:00:00,009+0000 INFO  [quartz-4-thread-19]  *SYSTEM org.sonatype.nexus.quartz.internal.task.QuartzTaskInfo - Task 'Task log cleanup' [tasklog.cleanup] state change WAITING -> RUNNING
2020-04-21 00:00:00,046+0000 INFO  [quartz-4-thread-20]  *SYSTEM org.sonatype.nexus.quartz.internal.task.QuartzTaskInfo - Task 'Storage facet cleanup' [repository.storage-facet-cleanup] state change RUNNING -> WAITING (OK)
2020-04-21 00:00:00,050+0000 INFO  [quartz-4-thread-19]  *SYSTEM org.sonatype.nexus.tasklog.TaskLogCleanup - Cleaning up log files in /nexus-data/log/tasks older than 30 days
2020-04-21 00:00:00,138+0000 INFO  [quartz-4-thread-19]  *SYSTEM org.sonatype.nexus.quartz.internal.task.QuartzTaskInfo - Task 'Task log cleanup' [tasklog.cleanup] state change RUNNING -> WAITING (OK)
2020-04-21 00:10:00,007+0000 INFO  [quartz-4-thread-19]  *SYSTEM org.sonatype.nexus.quartz.internal.task.QuartzTaskInfo - Task 'Storage facet cleanup' [repository.storage-facet-cleanup] state change WAITING -> RUNNING
2020-04-21 00:10:00,011+0000 INFO  [quartz-4-thread-19]  *SYSTEM org.sonatype.nexus.quartz.internal.task.QuartzTaskInfo - Task 'Storage facet cleanup' [repository.storage-facet-cleanup] state change RUNNING -> WAITING (OK)
2020-04-21 00:20:00,007+0000 INFO  [quartz-4-thread-19]  *SYSTEM org.sonatype.nexus.quartz.internal.task.QuartzTaskInfo - Task 'Storage facet cleanup' [repository.storage-facet-cleanup] state change WAITING -> RUNNING
2020-04-21 00:20:00,010+0000 INFO  [quartz-4-thread-19]  *SYSTEM org.sonatype.nexus.quartz.internal.task.QuartzTaskInfo - Task 'Storage facet cleanup' [repository.storage-facet-cleanup] state change RUNNING -> WAITING (OK)
2020-04-21 00:30:00,005+0000 INFO  [quartz-4-thread-19]  *SYSTEM org.sonatype.nexus.quartz.internal.task.QuartzTaskInfo - Task 'Storage facet cleanup' [repository.storage-facet-cleanup] state change WAITING -> RUNNING
2020-04-21 00:30:00,009+0000 INFO  [quartz-4-thread-19]  *SYSTEM org.sonatype.nexus.quartz.internal.task.QuartzTaskInfo - Task 'Storage facet cleanup' [repository.storage-facet-cleanup] state change RUNNING -> WAITING (OK)
2020-04-21 00:40:00,005+0000 INFO  [quartz-4-thread-19]  *SYSTEM org.sonatype.nexus.quartz.internal.task.QuartzTaskInfo - Task 'Storage facet cleanup' [repository.storage-facet-cleanup] state change WAITING -> RUNNING
2020-04-21 00:40:00,009+0000 INFO  [quartz-4-thread-19]  *SYSTEM org.sonatype.nexus.quartz.internal.task.QuartzTaskInfo - Task 'Storage facet cleanup' [repository.storage-facet-cleanup] state change RUNNING -> WAITING (OK)
2020-04-21 00:49:18,558+0000 INFO  [SessionValidationThread-1]  *UNKNOWN org.apache.shiro.session.mgt.AbstractValidatingSessionManager - Validating all active sessions...
2020-04-21 00:49:18,558+0000 INFO  [SessionValidationThread-1]  *UNKNOWN org.apache.shiro.session.mgt.AbstractValidatingSessionManager - Finished session validation.  No sessions were stopped.
2020-04-21 00:50:00,006+0000 INFO  [quartz-4-thread-19]  *SYSTEM org.sonatype.nexus.quartz.internal.task.QuartzTaskInfo - Task 'Storage facet cleanup' [repository.storage-facet-cleanup] state change WAITING -> RUNNING
2020-04-21 00:50:00,009+0000 INFO  [quartz-4-thread-19]  *SYSTEM org.sonatype.nexus.quartz.internal.task.QuartzTaskInfo - Task 'Storage facet cleanup' [repository.storage-facet-cleanup] state change RUNNING -> WAITING (OK)
2020-04-21 01:00:00,011+0000 INFO  [quartz-4-thread-19]  *SYSTEM org.sonatype.nexus.quartz.internal.task.QuartzTaskInfo - Task 'Storage facet cleanup' [repository.storage-facet-cleanup] state change WAITING -> RUNNING
2020-04-21 01:00:00,012+0000 INFO  [quartz-4-thread-20]  *SYSTEM org.sonatype.nexus.quartz.internal.task.QuartzTaskInfo - Task 'Cleanup service' [repository.cleanup] state change WAITING -> RUNNING
2020-04-21 01:00:00,016+0000 INFO  [quartz-4-thread-19]  *SYSTEM org.sonatype.nexus.quartz.internal.task.QuartzTaskInfo - Task 'Storage facet cleanup' [repository.storage-facet-cleanup] state change RUNNING -> WAITING (OK)
2020-04-21 01:00:00,029+0000 INFO  [quartz-4-thread-20]  *SYSTEM org.sonatype.nexus.cleanup.internal.task.CleanupTask - Task log: /nexus-data/log/tasks/repository.cleanup-20200421010000023.log
2020-04-21 01:00:00,035+0000 INFO  [quartz-4-thread-20]  *SYSTEM org.sonatype.nexus.quartz.internal.task.QuartzTaskInfo - Task 'Cleanup service' [repository.cleanup] state change RUNNING -> WAITING (OK)
2020-04-21 01:10:00,005+0000 INFO  [quartz-4-thread-20]  *SYSTEM org.sonatype.nexus.quartz.internal.task.QuartzTaskInfo - Task 'Storage facet cleanup' [repository.storage-facet-cleanup] state change WAITING -> RUNNING
2020-04-21 01:10:00,009+0000 INFO  [quartz-4-thread-20]  *SYSTEM org.sonatype.nexus.quartz.internal.task.QuartzTaskInfo - Task 'Storage facet cleanup' [repository.storage-facet-cleanup] state change RUNNING -> WAITING (OK)
2020-04-21 01:20:00,005+0000 INFO  [quartz-4-thread-20]  *SYSTEM org.sonatype.nexus.quartz.internal.task.QuartzTaskInfo - Task 'Storage facet cleanup' [repository.storage-facet-cleanup] state change WAITING -> RUNNING
2020-04-21 01:20:00,008+0000 INFO  [quartz-4-thread-20]  *SYSTEM org.sonatype.nexus.quartz.internal.task.QuartzTaskInfo - Task 'Storage facet cleanup' [repository.storage-facet-cleanup] state change RUNNING -> WAITING (OK)
2020-04-21 01:30:00,005+0000 INFO  [quartz-4-thread-20]  *SYSTEM org.sonatype.nexus.quartz.internal.task.QuartzTaskInfo - Task 'Storage facet cleanup' [repository.storage-facet-cleanup] state change WAITING -> RUNNING
2020-04-21 01:30:00,009+0000 INFO  [quartz-4-thread-20]  *SYSTEM org.sonatype.nexus.quartz.internal.task.QuartzTaskInfo - Task 'Storage facet cleanup' [repository.storage-facet-cleanup] state change RUNNING -> WAITING (OK)
2020-04-21 01:40:00,006+0000 INFO  [quartz-4-thread-20]  *SYSTEM org.sonatype.nexus.quartz.internal.task.QuartzTaskInfo - Task 'Storage facet cleanup' [repository.storage-facet-cleanup] state change WAITING -> RUNNING
2020-04-21 01:40:00,009+0000 INFO  [quartz-4-thread-20]  *SYSTEM org.sonatype.nexus.quartz.internal.task.QuartzTaskInfo - Task 'Storage facet cleanup' [repository.storage-facet-cleanup] state change RUNNING -> WAITING (OK)
2020-04-21 01:49:18,558+0000 INFO  [SessionValidationThread-1]  *UNKNOWN org.apache.shiro.session.mgt.AbstractValidatingSessionManager - Validating all active sessions...
2020-04-21 01:49:18,558+0000 INFO  [SessionValidationThread-1]  *UNKNOWN org.apache.shiro.session.mgt.AbstractValidatingSessionManager - Finished session validation.  No sessions were stopped.
2020-04-21 01:50:00,005+0000 INFO  [quartz-4-thread-20]  *SYSTEM org.sonatype.nexus.quartz.internal.task.QuartzTaskInfo - Task 'Storage facet cleanup' [repository.storage-facet-cleanup] state change WAITING -> RUNNING
2020-04-21 01:50:00,009+0000 INFO  [quartz-4-thread-20]  *SYSTEM org.sonatype.nexus.quartz.internal.task.QuartzTaskInfo - Task 'Storage facet cleanup' [repository.storage-facet-cleanup] state change RUNNING -> WAITING (OK)
2020-04-21 02:00:00,007+0000 INFO  [quartz-4-thread-20]  *SYSTEM org.sonatype.nexus.quartz.internal.task.QuartzTaskInfo - Task 'Storage facet cleanup' [repository.storage-facet-cleanup] state change WAITING -> RUNNING
2020-04-21 02:00:00,011+0000 INFO  [quartz-4-thread-20]  *SYSTEM org.sonatype.nexus.quartz.internal.task.QuartzTaskInfo - Task 'Storage facet cleanup' [repository.storage-facet-cleanup] state change RUNNING -> WAITING (OK)
2020-04-21 02:10:00,006+0000 INFO  [quartz-4-thread-20]  *SYSTEM org.sonatype.nexus.quartz.internal.task.QuartzTaskInfo - Task 'Storage facet cleanup' [repository.storage-facet-cleanup] state change WAITING -> RUNNING
2020-04-21 02:10:00,010+0000 INFO  [quartz-4-thread-20]  *SYSTEM org.sonatype.nexus.quartz.internal.task.QuartzTaskInfo - Task 'Storage facet cleanup' [repository.storage-facet-cleanup] state change RUNNING -> WAITING (OK)
2020-04-21 02:20:00,006+0000 INFO  [quartz-4-thread-20]  *SYSTEM org.sonatype.nexus.quartz.internal.task.QuartzTaskInfo - Task 'Storage facet cleanup' [repository.storage-facet-cleanup] state change WAITING -> RUNNING
2020-04-21 02:20:00,009+0000 INFO  [quartz-4-thread-20]  *SYSTEM org.sonatype.nexus.quartz.internal.task.QuartzTaskInfo - Task 'Storage facet cleanup' [repository.storage-facet-cleanup] state change RUNNING -> WAITING (OK)
2020-04-21 02:30:00,005+0000 INFO  [quartz-4-thread-20]  *SYSTEM org.sonatype.nexus.quartz.internal.task.QuartzTaskInfo - Task 'Storage facet cleanup' [repository.storage-facet-cleanup] state change WAITING -> RUNNING
2020-04-21 02:30:00,009+0000 INFO  [quartz-4-thread-20]  *SYSTEM org.sonatype.nexus.quartz.internal.task.QuartzTaskInfo - Task 'Storage facet cleanup' [repository.storage-facet-cleanup] state change RUNNING -> WAITING (OK)
2020-04-21 02:40:00,006+0000 INFO  [quartz-4-thread-20]  *SYSTEM org.sonatype.nexus.quartz.internal.task.QuartzTaskInfo - Task 'Storage facet cleanup' [repository.storage-facet-cleanup] state change WAITING -> RUNNING
2020-04-21 02:40:00,009+0000 INFO  [quartz-4-thread-20]  *SYSTEM org.sonatype.nexus.quartz.internal.task.QuartzTaskInfo - Task 'Storage facet cleanup' [repository.storage-facet-cleanup] state change RUNNING -> WAITING (OK)
2020-04-21 02:49:18,558+0000 INFO  [SessionValidationThread-1]  *UNKNOWN org.apache.shiro.session.mgt.AbstractValidatingSessionManager - Validating all active sessions...
2020-04-21 02:49:18,558+0000 INFO  [SessionValidationThread-1]  *UNKNOWN org.apache.shiro.session.mgt.AbstractValidatingSessionManager - Finished session validation.  No sessions were stopped.
2020-04-21 02:50:00,007+0000 INFO  [quartz-4-thread-20]  *SYSTEM org.sonatype.nexus.quartz.internal.task.QuartzTaskInfo - Task 'Storage facet cleanup' [repository.storage-facet-cleanup] state change WAITING -> RUNNING
2020-04-21 02:50:00,013+0000 INFO  [quartz-4-thread-20]  *SYSTEM org.sonatype.nexus.quartz.internal.task.QuartzTaskInfo - Task 'Storage facet cleanup' [repository.storage-facet-cleanup] state change RUNNING -> WAITING (OK)
2020-04-21 03:00:00,005+0000 INFO  [quartz-4-thread-20]  *SYSTEM org.sonatype.nexus.quartz.internal.task.QuartzTaskInfo - Task 'Storage facet cleanup' [repository.storage-facet-cleanup] state change WAITING -> RUNNING
2020-04-21 03:00:00,010+0000 INFO  [quartz-4-thread-20]  *SYSTEM org.sonatype.nexus.quartz.internal.task.QuartzTaskInfo - Task 'Storage facet cleanup' [repository.storage-facet-cleanup] state change RUNNING -> WAITING (OK)
2020-04-21 03:10:00,005+0000 INFO  [quartz-4-thread-20]  *SYSTEM org.sonatype.nexus.quartz.internal.task.QuartzTaskInfo - Task 'Storage facet cleanup' [repository.storage-facet-cleanup] state change WAITING -> RUNNING
2020-04-21 03:10:00,010+0000 INFO  [quartz-4-thread-20]  *SYSTEM org.sonatype.nexus.quartz.internal.task.QuartzTaskInfo - Task 'Storage facet cleanup' [repository.storage-facet-cleanup] state change RUNNING -> WAITING (OK)
2020-04-21 03:20:00,006+0000 INFO  [quartz-4-thread-20]  *SYSTEM org.sonatype.nexus.quartz.internal.task.QuartzTaskInfo - Task 'Storage facet cleanup' [repository.storage-facet-cleanup] state change WAITING -> RUNNING
2020-04-21 03:20:00,010+0000 INFO  [quartz-4-thread-20]  *SYSTEM org.sonatype.nexus.quartz.internal.task.QuartzTaskInfo - Task 'Storage facet cleanup' [repository.storage-facet-cleanup] state change RUNNING -> WAITING (OK)
2020-04-21 03:30:00,005+0000 INFO  [quartz-4-thread-20]  *SYSTEM org.sonatype.nexus.quartz.internal.task.QuartzTaskInfo - Task 'Storage facet cleanup' [repository.storage-facet-cleanup] state change WAITING -> RUNNING
2020-04-21 03:30:00,009+0000 INFO  [quartz-4-thread-20]  *SYSTEM org.sonatype.nexus.quartz.internal.task.QuartzTaskInfo - Task 'Storage facet cleanup' [repository.storage-facet-cleanup] state change RUNNING -> WAITING (OK)
2020-04-21 03:40:00,005+0000 INFO  [quartz-4-thread-20]  *SYSTEM org.sonatype.nexus.quartz.internal.task.QuartzTaskInfo - Task 'Storage facet cleanup' [repository.storage-facet-cleanup] state change WAITING -> RUNNING
2020-04-21 03:40:00,008+0000 INFO  [quartz-4-thread-20]  *SYSTEM org.sonatype.nexus.quartz.internal.task.QuartzTaskInfo - Task 'Storage facet cleanup' [repository.storage-facet-cleanup] state change RUNNING -> WAITING (OK)
2020-04-21 03:49:18,558+0000 INFO  [SessionValidationThread-1]  *UNKNOWN org.apache.shiro.session.mgt.AbstractValidatingSessionManager - Validating all active sessions...
2020-04-21 03:49:18,558+0000 INFO  [SessionValidationThread-1]  *UNKNOWN org.apache.shiro.session.mgt.AbstractValidatingSessionManager - Finished session validation.  No sessions were stopped.
2020-04-21 03:50:00,007+0000 INFO  [quartz-4-thread-20]  *SYSTEM org.sonatype.nexus.quartz.internal.task.QuartzTaskInfo - Task 'Storage facet cleanup' [repository.storage-facet-cleanup] state change WAITING -> RUNNING
2020-04-21 03:50:00,011+0000 INFO  [quartz-4-thread-20]  *SYSTEM org.sonatype.nexus.quartz.internal.task.QuartzTaskInfo - Task 'Storage facet cleanup' [repository.storage-facet-cleanup] state change RUNNING -> WAITING (OK)
2020-04-21 04:00:00,005+0000 INFO  [quartz-4-thread-20]  *SYSTEM org.sonatype.nexus.quartz.internal.task.QuartzTaskInfo - Task 'Storage facet cleanup' [repository.storage-facet-cleanup] state change WAITING -> RUNNING
2020-04-21 04:00:00,008+0000 INFO  [quartz-4-thread-20]  *SYSTEM org.sonatype.nexus.quartz.internal.task.QuartzTaskInfo - Task 'Storage facet cleanup' [repository.storage-facet-cleanup] state change RUNNING -> WAITING (OK)
2020-04-21 04:10:00,005+0000 INFO  [quartz-4-thread-20]  *SYSTEM org.sonatype.nexus.quartz.internal.task.QuartzTaskInfo - Task 'Storage facet cleanup' [repository.storage-facet-cleanup] state change WAITING -> RUNNING
2020-04-21 04:10:00,009+0000 INFO  [quartz-4-thread-20]  *SYSTEM org.sonatype.nexus.quartz.internal.task.QuartzTaskInfo - Task 'Storage facet cleanup' [repository.storage-facet-cleanup] state change RUNNING -> WAITING (OK)
2020-04-21 04:20:00,005+0000 INFO  [quartz-4-thread-20]  *SYSTEM org.sonatype.nexus.quartz.internal.task.QuartzTaskInfo - Task 'Storage facet cleanup' [repository.storage-facet-cleanup] state change WAITING -> RUNNING
2020-04-21 04:20:00,009+0000 INFO  [quartz-4-thread-20]  *SYSTEM org.sonatype.nexus.quartz.internal.task.QuartzTaskInfo - Task 'Storage facet cleanup' [repository.storage-facet-cleanup] state change RUNNING -> WAITING (OK)
2020-04-21 04:30:00,005+0000 INFO  [quartz-4-thread-20]  *SYSTEM org.sonatype.nexus.quartz.internal.task.QuartzTaskInfo - Task 'Storage facet cleanup' [repository.storage-facet-cleanup] state change WAITING -> RUNNING
2020-04-21 04:30:00,009+0000 INFO  [quartz-4-thread-20]  *SYSTEM org.sonatype.nexus.quartz.internal.task.QuartzTaskInfo - Task 'Storage facet cleanup' [repository.storage-facet-cleanup] state change RUNNING -> WAITING (OK)
2020-04-21 04:40:00,007+0000 INFO  [quartz-4-thread-20]  *SYSTEM org.sonatype.nexus.quartz.internal.task.QuartzTaskInfo - Task 'Storage facet cleanup' [repository.storage-facet-cleanup] state change WAITING -> RUNNING
2020-04-21 04:40:00,011+0000 INFO  [quartz-4-thread-20]  *SYSTEM org.sonatype.nexus.quartz.internal.task.QuartzTaskInfo - Task 'Storage facet cleanup' [repository.storage-facet-cleanup] state change RUNNING -> WAITING (OK)
2020-04-21 04:49:18,558+0000 INFO  [SessionValidationThread-1]  *UNKNOWN org.apache.shiro.session.mgt.AbstractValidatingSessionManager - Validating all active sessions...
2020-04-21 04:49:18,558+0000 INFO  [SessionValidationThread-1]  *UNKNOWN org.apache.shiro.session.mgt.AbstractValidatingSessionManager - Finished session validation.  No sessions were stopped.
2020-04-21 04:50:00,005+0000 INFO  [quartz-4-thread-20]  *SYSTEM org.sonatype.nexus.quartz.internal.task.QuartzTaskInfo - Task 'Storage facet cleanup' [repository.storage-facet-cleanup] state change WAITING -> RUNNING
2020-04-21 04:50:00,008+0000 INFO  [quartz-4-thread-20]  *SYSTEM org.sonatype.nexus.quartz.internal.task.QuartzTaskInfo - Task 'Storage facet cleanup' [repository.storage-facet-cleanup] state change RUNNING -> WAITING (OK)
2020-04-21 05:00:00,005+0000 INFO  [quartz-4-thread-20]  *SYSTEM org.sonatype.nexus.quartz.internal.task.QuartzTaskInfo - Task 'Storage facet cleanup' [repository.storage-facet-cleanup] state change WAITING -> RUNNING
2020-04-21 05:00:00,008+0000 INFO  [quartz-4-thread-20]  *SYSTEM org.sonatype.nexus.quartz.internal.task.QuartzTaskInfo - Task 'Storage facet cleanup' [repository.storage-facet-cleanup] state change RUNNING -> WAITING (OK)
2020-04-21 05:10:00,005+0000 INFO  [quartz-4-thread-20]  *SYSTEM org.sonatype.nexus.quartz.internal.task.QuartzTaskInfo - Task 'Storage facet cleanup' [repository.storage-facet-cleanup] state change WAITING -> RUNNING
2020-04-21 05:10:00,008+0000 INFO  [quartz-4-thread-20]  *SYSTEM org.sonatype.nexus.quartz.internal.task.QuartzTaskInfo - Task 'Storage facet cleanup' [repository.storage-facet-cleanup] state change RUNNING -> WAITING (OK)
2020-04-21 05:20:00,005+0000 INFO  [quartz-4-thread-20]  *SYSTEM org.sonatype.nexus.quartz.internal.task.QuartzTaskInfo - Task 'Storage facet cleanup' [repository.storage-facet-cleanup] state change WAITING -> RUNNING
2020-04-21 05:20:00,008+0000 INFO  [quartz-4-thread-20]  *SYSTEM org.sonatype.nexus.quartz.internal.task.QuartzTaskInfo - Task 'Storage facet cleanup' [repository.storage-facet-cleanup] state change RUNNING -> WAITING (OK)
2020-04-21 05:30:00,005+0000 INFO  [quartz-4-thread-20]  *SYSTEM org.sonatype.nexus.quartz.internal.task.QuartzTaskInfo - Task 'Storage facet cleanup' [repository.storage-facet-cleanup] state change WAITING -> RUNNING
2020-04-21 05:30:00,009+0000 INFO  [quartz-4-thread-20]  *SYSTEM org.sonatype.nexus.quartz.internal.task.QuartzTaskInfo - Task 'Storage facet cleanup' [repository.storage-facet-cleanup] state change RUNNING -> WAITING (OK)
2020-04-21 05:40:00,007+0000 INFO  [quartz-4-thread-20]  *SYSTEM org.sonatype.nexus.quartz.internal.task.QuartzTaskInfo - Task 'Storage facet cleanup' [repository.storage-facet-cleanup] state change WAITING -> RUNNING
2020-04-21 05:40:00,012+0000 INFO  [quartz-4-thread-20]  *SYSTEM org.sonatype.nexus.quartz.internal.task.QuartzTaskInfo - Task 'Storage facet cleanup' [repository.storage-facet-cleanup] state change RUNNING -> WAITING (OK)
2020-04-21 05:49:18,558+0000 INFO  [SessionValidationThread-1]  *UNKNOWN org.apache.shiro.session.mgt.AbstractValidatingSessionManager - Validating all active sessions...
2020-04-21 05:49:18,559+0000 INFO  [SessionValidationThread-1]  *UNKNOWN org.apache.shiro.session.mgt.AbstractValidatingSessionManager - Finished session validation.  No sessions were stopped.
2020-04-21 05:50:00,005+0000 INFO  [quartz-4-thread-20]  *SYSTEM org.sonatype.nexus.quartz.internal.task.QuartzTaskInfo - Task 'Storage facet cleanup' [repository.storage-facet-cleanup] state change WAITING -> RUNNING
2020-04-21 05:50:00,009+0000 INFO  [quartz-4-thread-20]  *SYSTEM org.sonatype.nexus.quartz.internal.task.QuartzTaskInfo - Task 'Storage facet cleanup' [repository.storage-facet-cleanup] state change RUNNING -> WAITING (OK)
2020-04-21 06:00:00,005+0000 INFO  [quartz-4-thread-20]  *SYSTEM org.sonatype.nexus.quartz.internal.task.QuartzTaskInfo - Task 'Storage facet cleanup' [repository.storage-facet-cleanup] state change WAITING -> RUNNING
2020-04-21 06:00:00,008+0000 INFO  [quartz-4-thread-20]  *SYSTEM org.sonatype.nexus.quartz.internal.task.QuartzTaskInfo - Task 'Storage facet cleanup' [repository.storage-facet-cleanup] state change RUNNING -> WAITING (OK)
2020-04-21 06:10:00,005+0000 INFO  [quartz-4-thread-20]  *SYSTEM org.sonatype.nexus.quartz.internal.task.QuartzTaskInfo - Task 'Storage facet cleanup' [repository.storage-facet-cleanup] state change WAITING -> RUNNING
2020-04-21 06:10:00,009+0000 INFO  [quartz-4-thread-20]  *SYSTEM org.sonatype.nexus.quartz.internal.task.QuartzTaskInfo - Task 'Storage facet cleanup' [repository.storage-facet-cleanup] state change RUNNING -> WAITING (OK)
2020-04-21 06:20:00,005+0000 INFO  [quartz-4-thread-20]  *SYSTEM org.sonatype.nexus.quartz.internal.task.QuartzTaskInfo - Task 'Storage facet cleanup' [repository.storage-facet-cleanup] state change WAITING -> RUNNING
2020-04-21 06:20:00,009+0000 INFO  [quartz-4-thread-20]  *SYSTEM org.sonatype.nexus.quartz.internal.task.QuartzTaskInfo - Task 'Storage facet cleanup' [repository.storage-facet-cleanup] state change RUNNING -> WAITING (OK)
2020-04-21 06:30:00,007+0000 INFO  [quartz-4-thread-20]  *SYSTEM org.sonatype.nexus.quartz.internal.task.QuartzTaskInfo - Task 'Storage facet cleanup' [repository.storage-facet-cleanup] state change WAITING -> RUNNING
2020-04-21 06:30:00,012+0000 INFO  [quartz-4-thread-20]  *SYSTEM org.sonatype.nexus.quartz.internal.task.QuartzTaskInfo - Task 'Storage facet cleanup' [repository.storage-facet-cleanup] state change RUNNING -> WAITING (OK)
2020-04-21 06:40:00,004+0000 INFO  [quartz-4-thread-20]  *SYSTEM org.sonatype.nexus.quartz.internal.task.QuartzTaskInfo - Task 'Storage facet cleanup' [repository.storage-facet-cleanup] state change WAITING -> RUNNING
2020-04-21 06:40:00,007+0000 INFO  [quartz-4-thread-20]  *SYSTEM org.sonatype.nexus.quartz.internal.task.QuartzTaskInfo - Task 'Storage facet cleanup' [repository.storage-facet-cleanup] state change RUNNING -> WAITING (OK)
2020-04-21 06:49:18,558+0000 INFO  [SessionValidationThread-1]  *UNKNOWN org.apache.shiro.session.mgt.AbstractValidatingSessionManager - Validating all active sessions...
2020-04-21 06:49:18,558+0000 INFO  [SessionValidationThread-1]  *UNKNOWN org.apache.shiro.session.mgt.AbstractValidatingSessionManager - Finished session validation.  No sessions were stopped.
2020-04-21 06:50:00,005+0000 INFO  [quartz-4-thread-20]  *SYSTEM org.sonatype.nexus.quartz.internal.task.QuartzTaskInfo - Task 'Storage facet cleanup' [repository.storage-facet-cleanup] state change WAITING -> RUNNING
2020-04-21 06:50:00,009+0000 INFO  [quartz-4-thread-20]  *SYSTEM org.sonatype.nexus.quartz.internal.task.QuartzTaskInfo - Task 'Storage facet cleanup' [repository.storage-facet-cleanup] state change RUNNING -> WAITING (OK)
2020-04-21 07:00:00,005+0000 INFO  [quartz-4-thread-20]  *SYSTEM org.sonatype.nexus.quartz.internal.task.QuartzTaskInfo - Task 'Storage facet cleanup' [repository.storage-facet-cleanup] state change WAITING -> RUNNING
2020-04-21 07:00:00,009+0000 INFO  [quartz-4-thread-20]  *SYSTEM org.sonatype.nexus.quartz.internal.task.QuartzTaskInfo - Task 'Storage facet cleanup' [repository.storage-facet-cleanup] state change RUNNING -> WAITING (OK)
2020-04-21 07:10:00,005+0000 INFO  [quartz-4-thread-20]  *SYSTEM org.sonatype.nexus.quartz.internal.task.QuartzTaskInfo - Task 'Storage facet cleanup' [repository.storage-facet-cleanup] state change WAITING -> RUNNING
2020-04-21 07:10:00,009+0000 INFO  [quartz-4-thread-20]  *SYSTEM org.sonatype.nexus.quartz.internal.task.QuartzTaskInfo - Task 'Storage facet cleanup' [repository.storage-facet-cleanup] state change RUNNING -> WAITING (OK)
2020-04-21 07:20:00,005+0000 INFO  [quartz-4-thread-20]  *SYSTEM org.sonatype.nexus.quartz.internal.task.QuartzTaskInfo - Task 'Storage facet cleanup' [repository.storage-facet-cleanup] state change WAITING -> RUNNING
2020-04-21 07:20:00,009+0000 INFO  [quartz-4-thread-20]  *SYSTEM org.sonatype.nexus.quartz.internal.task.QuartzTaskInfo - Task 'Storage facet cleanup' [repository.storage-facet-cleanup] state change RUNNING -> WAITING (OK)
2020-04-21 07:30:00,007+0000 INFO  [quartz-4-thread-20]  *SYSTEM org.sonatype.nexus.quartz.internal.task.QuartzTaskInfo - Task 'Storage facet cleanup' [repository.storage-facet-cleanup] state change WAITING -> RUNNING
2020-04-21 07:30:00,011+0000 INFO  [quartz-4-thread-20]  *SYSTEM org.sonatype.nexus.quartz.internal.task.QuartzTaskInfo - Task 'Storage facet cleanup' [repository.storage-facet-cleanup] state change RUNNING -> WAITING (OK)
2020-04-21 07:40:00,005+0000 INFO  [quartz-4-thread-20]  *SYSTEM org.sonatype.nexus.quartz.internal.task.QuartzTaskInfo - Task 'Storage facet cleanup' [repository.storage-facet-cleanup] state change WAITING -> RUNNING
2020-04-21 07:40:00,008+0000 INFO  [quartz-4-thread-20]  *SYSTEM org.sonatype.nexus.quartz.internal.task.QuartzTaskInfo - Task 'Storage facet cleanup' [repository.storage-facet-cleanup] state change RUNNING -> WAITING (OK)
2020-04-21 07:49:18,558+0000 INFO  [SessionValidationThread-1]  *UNKNOWN org.apache.shiro.session.mgt.AbstractValidatingSessionManager - Validating all active sessions...
2020-04-21 07:49:18,558+0000 INFO  [SessionValidationThread-1]  *UNKNOWN org.apache.shiro.session.mgt.AbstractValidatingSessionManager - Finished session validation.  No sessions were stopped.
2020-04-21 07:50:00,005+0000 INFO  [quartz-4-thread-20]  *SYSTEM org.sonatype.nexus.quartz.internal.task.QuartzTaskInfo - Task 'Storage facet cleanup' [repository.storage-facet-cleanup] state change WAITING -> RUNNING
2020-04-21 07:50:00,008+0000 INFO  [quartz-4-thread-20]  *SYSTEM org.sonatype.nexus.quartz.internal.task.QuartzTaskInfo - Task 'Storage facet cleanup' [repository.storage-facet-cleanup] state change RUNNING -> WAITING (OK)
2020-04-21 08:00:00,005+0000 INFO  [quartz-4-thread-20]  *SYSTEM org.sonatype.nexus.quartz.internal.task.QuartzTaskInfo - Task 'Storage facet cleanup' [repository.storage-facet-cleanup] state change WAITING -> RUNNING
2020-04-21 08:00:00,008+0000 INFO  [quartz-4-thread-20]  *SYSTEM org.sonatype.nexus.quartz.internal.task.QuartzTaskInfo - Task 'Storage facet cleanup' [repository.storage-facet-cleanup] state change RUNNING -> WAITING (OK)
2020-04-21 08:10:00,005+0000 INFO  [quartz-4-thread-20]  *SYSTEM org.sonatype.nexus.quartz.internal.task.QuartzTaskInfo - Task 'Storage facet cleanup' [repository.storage-facet-cleanup] state change WAITING -> RUNNING
2020-04-21 08:10:00,008+0000 INFO  [quartz-4-thread-20]  *SYSTEM org.sonatype.nexus.quartz.internal.task.QuartzTaskInfo - Task 'Storage facet cleanup' [repository.storage-facet-cleanup] state change RUNNING -> WAITING (OK)
2020-04-21 08:20:00,005+0000 INFO  [quartz-4-thread-20]  *SYSTEM org.sonatype.nexus.quartz.internal.task.QuartzTaskInfo - Task 'Storage facet cleanup' [repository.storage-facet-cleanup] state change WAITING -> RUNNING
2020-04-21 08:20:00,008+0000 INFO  [quartz-4-thread-20]  *SYSTEM org.sonatype.nexus.quartz.internal.task.QuartzTaskInfo - Task 'Storage facet cleanup' [repository.storage-facet-cleanup] state change RUNNING -> WAITING (OK)
2020-04-21 08:30:00,007+0000 INFO  [quartz-4-thread-20]  *SYSTEM org.sonatype.nexus.quartz.internal.task.QuartzTaskInfo - Task 'Storage facet cleanup' [repository.storage-facet-cleanup] state change WAITING -> RUNNING
2020-04-21 08:30:00,011+0000 INFO  [quartz-4-thread-20]  *SYSTEM org.sonatype.nexus.quartz.internal.task.QuartzTaskInfo - Task 'Storage facet cleanup' [repository.storage-facet-cleanup] state change RUNNING -> WAITING (OK)
2020-04-21 08:40:00,005+0000 INFO  [quartz-4-thread-20]  *SYSTEM org.sonatype.nexus.quartz.internal.task.QuartzTaskInfo - Task 'Storage facet cleanup' [repository.storage-facet-cleanup] state change WAITING -> RUNNING
2020-04-21 08:40:00,007+0000 INFO  [quartz-4-thread-20]  *SYSTEM org.sonatype.nexus.quartz.internal.task.QuartzTaskInfo - Task 'Storage facet cleanup' [repository.storage-facet-cleanup] state change RUNNING -> WAITING (OK)
2020-04-21 08:49:18,558+0000 INFO  [SessionValidationThread-1]  *UNKNOWN org.apache.shiro.session.mgt.AbstractValidatingSessionManager - Validating all active sessions...
2020-04-21 08:49:18,558+0000 INFO  [SessionValidationThread-1]  *UNKNOWN org.apache.shiro.session.mgt.AbstractValidatingSessionManager - Finished session validation.  No sessions were stopped.
2020-04-21 08:50:00,004+0000 INFO  [quartz-4-thread-20]  *SYSTEM org.sonatype.nexus.quartz.internal.task.QuartzTaskInfo - Task 'Storage facet cleanup' [repository.storage-facet-cleanup] state change WAITING -> RUNNING
2020-04-21 08:50:00,008+0000 INFO  [quartz-4-thread-20]  *SYSTEM org.sonatype.nexus.quartz.internal.task.QuartzTaskInfo - Task 'Storage facet cleanup' [repository.storage-facet-cleanup] state change RUNNING -> WAITING (OK)
2020-04-21 09:00:00,005+0000 INFO  [quartz-4-thread-20]  *SYSTEM org.sonatype.nexus.quartz.internal.task.QuartzTaskInfo - Task 'Storage facet cleanup' [repository.storage-facet-cleanup] state change WAITING -> RUNNING
2020-04-21 09:00:00,008+0000 INFO  [quartz-4-thread-20]  *SYSTEM org.sonatype.nexus.quartz.internal.task.QuartzTaskInfo - Task 'Storage facet cleanup' [repository.storage-facet-cleanup] state change RUNNING -> WAITING (OK)
2020-04-21 09:10:00,004+0000 INFO  [quartz-4-thread-20]  *SYSTEM org.sonatype.nexus.quartz.internal.task.QuartzTaskInfo - Task 'Storage facet cleanup' [repository.storage-facet-cleanup] state change WAITING -> RUNNING
2020-04-21 09:10:00,008+0000 INFO  [quartz-4-thread-20]  *SYSTEM org.sonatype.nexus.quartz.internal.task.QuartzTaskInfo - Task 'Storage facet cleanup' [repository.storage-facet-cleanup] state change RUNNING -> WAITING (OK)
2020-04-21 09:20:00,006+0000 INFO  [quartz-4-thread-20]  *SYSTEM org.sonatype.nexus.quartz.internal.task.QuartzTaskInfo - Task 'Storage facet cleanup' [repository.storage-facet-cleanup] state change WAITING -> RUNNING
2020-04-21 09:20:00,011+0000 INFO  [quartz-4-thread-20]  *SYSTEM org.sonatype.nexus.quartz.internal.task.QuartzTaskInfo - Task 'Storage facet cleanup' [repository.storage-facet-cleanup] state change RUNNING -> WAITING (OK)
2020-04-21 09:30:00,005+0000 INFO  [quartz-4-thread-20]  *SYSTEM org.sonatype.nexus.quartz.internal.task.QuartzTaskInfo - Task 'Storage facet cleanup' [repository.storage-facet-cleanup] state change WAITING -> RUNNING
2020-04-21 09:30:00,008+0000 INFO  [quartz-4-thread-20]  *SYSTEM org.sonatype.nexus.quartz.internal.task.QuartzTaskInfo - Task 'Storage facet cleanup' [repository.storage-facet-cleanup] state change RUNNING -> WAITING (OK)
2020-04-21 09:40:00,005+0000 INFO  [quartz-4-thread-20]  *SYSTEM org.sonatype.nexus.quartz.internal.task.QuartzTaskInfo - Task 'Storage facet cleanup' [repository.storage-facet-cleanup] state change WAITING -> RUNNING
2020-04-21 09:40:00,009+0000 INFO  [quartz-4-thread-20]  *SYSTEM org.sonatype.nexus.quartz.internal.task.QuartzTaskInfo - Task 'Storage facet cleanup' [repository.storage-facet-cleanup] state change RUNNING -> WAITING (OK)
2020-04-21 09:49:18,558+0000 INFO  [SessionValidationThread-1]  *UNKNOWN org.apache.shiro.session.mgt.AbstractValidatingSessionManager - Validating all active sessions...
2020-04-21 09:49:18,558+0000 INFO  [SessionValidationThread-1]  *UNKNOWN org.apache.shiro.session.mgt.AbstractValidatingSessionManager - Finished session validation.  No sessions were stopped.
2020-04-21 09:50:00,005+0000 INFO  [quartz-4-thread-20]  *SYSTEM org.sonatype.nexus.quartz.internal.task.QuartzTaskInfo - Task 'Storage facet cleanup' [repository.storage-facet-cleanup] state change WAITING -> RUNNING
2020-04-21 09:50:00,008+0000 INFO  [quartz-4-thread-20]  *SYSTEM org.sonatype.nexus.quartz.internal.task.QuartzTaskInfo - Task 'Storage facet cleanup' [repository.storage-facet-cleanup] state change RUNNING -> WAITING (OK)
2020-04-21 10:00:00,004+0000 INFO  [quartz-4-thread-20]  *SYSTEM org.sonatype.nexus.quartz.internal.task.QuartzTaskInfo - Task 'Storage facet cleanup' [repository.storage-facet-cleanup] state change WAITING -> RUNNING
2020-04-21 10:00:00,008+0000 INFO  [quartz-4-thread-20]  *SYSTEM org.sonatype.nexus.quartz.internal.task.QuartzTaskInfo - Task 'Storage facet cleanup' [repository.storage-facet-cleanup] state change RUNNING -> WAITING (OK)
2020-04-21 10:10:00,004+0000 INFO  [quartz-4-thread-20]  *SYSTEM org.sonatype.nexus.quartz.internal.task.QuartzTaskInfo - Task 'Storage facet cleanup' [repository.storage-facet-cleanup] state change WAITING -> RUNNING
2020-04-21 10:10:00,008+0000 INFO  [quartz-4-thread-20]  *SYSTEM org.sonatype.nexus.quartz.internal.task.QuartzTaskInfo - Task 'Storage facet cleanup' [repository.storage-facet-cleanup] state change RUNNING -> WAITING (OK)
2020-04-21 10:20:00,006+0000 INFO  [quartz-4-thread-20]  *SYSTEM org.sonatype.nexus.quartz.internal.task.QuartzTaskInfo - Task 'Storage facet cleanup' [repository.storage-facet-cleanup] state change WAITING -> RUNNING
2020-04-21 10:20:00,010+0000 INFO  [quartz-4-thread-20]  *SYSTEM org.sonatype.nexus.quartz.internal.task.QuartzTaskInfo - Task 'Storage facet cleanup' [repository.storage-facet-cleanup] state change RUNNING -> WAITING (OK)
2020-04-21 10:30:00,005+0000 INFO  [quartz-4-thread-20]  *SYSTEM org.sonatype.nexus.quartz.internal.task.QuartzTaskInfo - Task 'Storage facet cleanup' [repository.storage-facet-cleanup] state change WAITING -> RUNNING
2020-04-21 10:30:00,009+0000 INFO  [quartz-4-thread-20]  *SYSTEM org.sonatype.nexus.quartz.internal.task.QuartzTaskInfo - Task 'Storage facet cleanup' [repository.storage-facet-cleanup] state change RUNNING -> WAITING (OK)
2020-04-21 10:40:00,004+0000 INFO  [quartz-4-thread-20]  *SYSTEM org.sonatype.nexus.quartz.internal.task.QuartzTaskInfo - Task 'Storage facet cleanup' [repository.storage-facet-cleanup] state change WAITING -> RUNNING
2020-04-21 10:40:00,008+0000 INFO  [quartz-4-thread-20]  *SYSTEM org.sonatype.nexus.quartz.internal.task.QuartzTaskInfo - Task 'Storage facet cleanup' [repository.storage-facet-cleanup] state change RUNNING -> WAITING (OK)
2020-04-21 10:49:18,558+0000 INFO  [SessionValidationThread-1]  *UNKNOWN org.apache.shiro.session.mgt.AbstractValidatingSessionManager - Validating all active sessions...
2020-04-21 10:49:18,558+0000 INFO  [SessionValidationThread-1]  *UNKNOWN org.apache.shiro.session.mgt.AbstractValidatingSessionManager - Finished session validation.  No sessions were stopped.
2020-04-21 10:50:00,005+0000 INFO  [quartz-4-thread-20]  *SYSTEM org.sonatype.nexus.quartz.internal.task.QuartzTaskInfo - Task 'Storage facet cleanup' [repository.storage-facet-cleanup] state change WAITING -> RUNNING
2020-04-21 10:50:00,008+0000 INFO  [quartz-4-thread-20]  *SYSTEM org.sonatype.nexus.quartz.internal.task.QuartzTaskInfo - Task 'Storage facet cleanup' [repository.storage-facet-cleanup] state change RUNNING -> WAITING (OK)
2020-04-21 11:00:00,004+0000 INFO  [quartz-4-thread-20]  *SYSTEM org.sonatype.nexus.quartz.internal.task.QuartzTaskInfo - Task 'Storage facet cleanup' [repository.storage-facet-cleanup] state change WAITING -> RUNNING
2020-04-21 11:00:00,007+0000 INFO  [quartz-4-thread-20]  *SYSTEM org.sonatype.nexus.quartz.internal.task.QuartzTaskInfo - Task 'Storage facet cleanup' [repository.storage-facet-cleanup] state change RUNNING -> WAITING (OK)
2020-04-21 11:10:00,007+0000 INFO  [quartz-4-thread-20]  *SYSTEM org.sonatype.nexus.quartz.internal.task.QuartzTaskInfo - Task 'Storage facet cleanup' [repository.storage-facet-cleanup] state change WAITING -> RUNNING
2020-04-21 11:10:00,011+0000 INFO  [quartz-4-thread-20]  *SYSTEM org.sonatype.nexus.quartz.internal.task.QuartzTaskInfo - Task 'Storage facet cleanup' [repository.storage-facet-cleanup] state change RUNNING -> WAITING (OK)
2020-04-21 11:20:00,003+0000 INFO  [quartz-4-thread-20]  *SYSTEM org.sonatype.nexus.quartz.internal.task.QuartzTaskInfo - Task 'Storage facet cleanup' [repository.storage-facet-cleanup] state change WAITING -> RUNNING
2020-04-21 11:20:00,006+0000 INFO  [quartz-4-thread-20]  *SYSTEM org.sonatype.nexus.quartz.internal.task.QuartzTaskInfo - Task 'Storage facet cleanup' [repository.storage-facet-cleanup] state change RUNNING -> WAITING (OK)
2020-04-21 11:30:00,004+0000 INFO  [quartz-4-thread-20]  *SYSTEM org.sonatype.nexus.quartz.internal.task.QuartzTaskInfo - Task 'Storage facet cleanup' [repository.storage-facet-cleanup] state change WAITING -> RUNNING
2020-04-21 11:30:00,007+0000 INFO  [quartz-4-thread-20]  *SYSTEM org.sonatype.nexus.quartz.internal.task.QuartzTaskInfo - Task 'Storage facet cleanup' [repository.storage-facet-cleanup] state change RUNNING -> WAITING (OK)
2020-04-21 11:40:00,004+0000 INFO  [quartz-4-thread-20]  *SYSTEM org.sonatype.nexus.quartz.internal.task.QuartzTaskInfo - Task 'Storage facet cleanup' [repository.storage-facet-cleanup] state change WAITING -> RUNNING
2020-04-21 11:40:00,007+0000 INFO  [quartz-4-thread-20]  *SYSTEM org.sonatype.nexus.quartz.internal.task.QuartzTaskInfo - Task 'Storage facet cleanup' [repository.storage-facet-cleanup] state change RUNNING -> WAITING (OK)
2020-04-21 11:49:18,558+0000 INFO  [SessionValidationThread-1]  *UNKNOWN org.apache.shiro.session.mgt.AbstractValidatingSessionManager - Validating all active sessions...
2020-04-21 11:49:18,558+0000 INFO  [SessionValidationThread-1]  *UNKNOWN org.apache.shiro.session.mgt.AbstractValidatingSessionManager - Finished session validation.  No sessions were stopped.
2020-04-21 11:50:00,005+0000 INFO  [quartz-4-thread-20]  *SYSTEM org.sonatype.nexus.quartz.internal.task.QuartzTaskInfo - Task 'Storage facet cleanup' [repository.storage-facet-cleanup] state change WAITING -> RUNNING
2020-04-21 11:50:00,008+0000 INFO  [quartz-4-thread-20]  *SYSTEM org.sonatype.nexus.quartz.internal.task.QuartzTaskInfo - Task 'Storage facet cleanup' [repository.storage-facet-cleanup] state change RUNNING -> WAITING (OK)
2020-04-21 12:00:00,003+0000 INFO  [quartz-4-thread-20]  *SYSTEM org.sonatype.nexus.quartz.internal.task.QuartzTaskInfo - Task 'Storage facet cleanup' [repository.storage-facet-cleanup] state change WAITING -> RUNNING
2020-04-21 12:00:00,005+0000 INFO  [quartz-4-thread-20]  *SYSTEM org.sonatype.nexus.quartz.internal.task.QuartzTaskInfo - Task 'Storage facet cleanup' [repository.storage-facet-cleanup] state change RUNNING -> WAITING (OK)
2020-04-21 12:10:00,005+0000 INFO  [quartz-4-thread-20]  *SYSTEM org.sonatype.nexus.quartz.internal.task.QuartzTaskInfo - Task 'Storage facet cleanup' [repository.storage-facet-cleanup] state change WAITING -> RUNNING
2020-04-21 12:10:00,009+0000 INFO  [quartz-4-thread-20]  *SYSTEM org.sonatype.nexus.quartz.internal.task.QuartzTaskInfo - Task 'Storage facet cleanup' [repository.storage-facet-cleanup] state change RUNNING -> WAITING (OK)
2020-04-21 12:20:00,005+0000 INFO  [quartz-4-thread-20]  *SYSTEM org.sonatype.nexus.quartz.internal.task.QuartzTaskInfo - Task 'Storage facet cleanup' [repository.storage-facet-cleanup] state change WAITING -> RUNNING
2020-04-21 12:20:00,008+0000 INFO  [quartz-4-thread-20]  *SYSTEM org.sonatype.nexus.quartz.internal.task.QuartzTaskInfo - Task 'Storage facet cleanup' [repository.storage-facet-cleanup] state change RUNNING -> WAITING (OK)
2020-04-21 12:30:00,004+0000 INFO  [quartz-4-thread-20]  *SYSTEM org.sonatype.nexus.quartz.internal.task.QuartzTaskInfo - Task 'Storage facet cleanup' [repository.storage-facet-cleanup] state change WAITING -> RUNNING
2020-04-21 12:30:00,007+0000 INFO  [quartz-4-thread-20]  *SYSTEM org.sonatype.nexus.quartz.internal.task.QuartzTaskInfo - Task 'Storage facet cleanup' [repository.storage-facet-cleanup] state change RUNNING -> WAITING (OK)
2020-04-21 12:40:00,005+0000 INFO  [quartz-4-thread-20]  *SYSTEM org.sonatype.nexus.quartz.internal.task.QuartzTaskInfo - Task 'Storage facet cleanup' [repository.storage-facet-cleanup] state change WAITING -> RUNNING
2020-04-21 12:40:00,007+0000 INFO  [quartz-4-thread-20]  *SYSTEM org.sonatype.nexus.quartz.internal.task.QuartzTaskInfo - Task 'Storage facet cleanup' [repository.storage-facet-cleanup] state change RUNNING -> WAITING (OK)
2020-04-21 12:49:18,558+0000 INFO  [SessionValidationThread-1]  *UNKNOWN org.apache.shiro.session.mgt.AbstractValidatingSessionManager - Validating all active sessions...
2020-04-21 12:49:18,558+0000 INFO  [SessionValidationThread-1]  *UNKNOWN org.apache.shiro.session.mgt.AbstractValidatingSessionManager - Finished session validation.  No sessions were stopped.
2020-04-21 12:50:00,004+0000 INFO  [quartz-4-thread-20]  *SYSTEM org.sonatype.nexus.quartz.internal.task.QuartzTaskInfo - Task 'Storage facet cleanup' [repository.storage-facet-cleanup] state change WAITING -> RUNNING
2020-04-21 12:50:00,007+0000 INFO  [quartz-4-thread-20]  *SYSTEM org.sonatype.nexus.quartz.internal.task.QuartzTaskInfo - Task 'Storage facet cleanup' [repository.storage-facet-cleanup] state change RUNNING -> WAITING (OK)
2020-04-21 13:00:00,004+0000 INFO  [quartz-4-thread-20]  *SYSTEM org.sonatype.nexus.quartz.internal.task.QuartzTaskInfo - Task 'Storage facet cleanup' [repository.storage-facet-cleanup] state change WAITING -> RUNNING
2020-04-21 13:00:00,007+0000 INFO  [quartz-4-thread-20]  *SYSTEM org.sonatype.nexus.quartz.internal.task.QuartzTaskInfo - Task 'Storage facet cleanup' [repository.storage-facet-cleanup] state change RUNNING -> WAITING (OK)
2020-04-21 13:10:00,004+0000 INFO  [quartz-4-thread-20]  *SYSTEM org.sonatype.nexus.quartz.internal.task.QuartzTaskInfo - Task 'Storage facet cleanup' [repository.storage-facet-cleanup] state change WAITING -> RUNNING
2020-04-21 13:10:00,007+0000 INFO  [quartz-4-thread-20]  *SYSTEM org.sonatype.nexus.quartz.internal.task.QuartzTaskInfo - Task 'Storage facet cleanup' [repository.storage-facet-cleanup] state change RUNNING -> WAITING (OK)
2020-04-21 13:20:00,005+0000 INFO  [quartz-4-thread-20]  *SYSTEM org.sonatype.nexus.quartz.internal.task.QuartzTaskInfo - Task 'Storage facet cleanup' [repository.storage-facet-cleanup] state change WAITING -> RUNNING
2020-04-21 13:20:00,008+0000 INFO  [quartz-4-thread-20]  *SYSTEM org.sonatype.nexus.quartz.internal.task.QuartzTaskInfo - Task 'Storage facet cleanup' [repository.storage-facet-cleanup] state change RUNNING -> WAITING (OK)
2020-04-21 13:30:00,005+0000 INFO  [quartz-4-thread-20]  *SYSTEM org.sonatype.nexus.quartz.internal.task.QuartzTaskInfo - Task 'Storage facet cleanup' [repository.storage-facet-cleanup] state change WAITING -> RUNNING
2020-04-21 13:30:00,008+0000 INFO  [quartz-4-thread-20]  *SYSTEM org.sonatype.nexus.quartz.internal.task.QuartzTaskInfo - Task 'Storage facet cleanup' [repository.storage-facet-cleanup] state change RUNNING -> WAITING (OK)
2020-04-21 13:40:00,005+0000 INFO  [quartz-4-thread-20]  *SYSTEM org.sonatype.nexus.quartz.internal.task.QuartzTaskInfo - Task 'Storage facet cleanup' [repository.storage-facet-cleanup] state change WAITING -> RUNNING
2020-04-21 13:40:00,008+0000 INFO  [quartz-4-thread-20]  *SYSTEM org.sonatype.nexus.quartz.internal.task.QuartzTaskInfo - Task 'Storage facet cleanup' [repository.storage-facet-cleanup] state change RUNNING -> WAITING (OK)
2020-04-21 13:49:18,558+0000 INFO  [SessionValidationThread-1]  *UNKNOWN org.apache.shiro.session.mgt.AbstractValidatingSessionManager - Validating all active sessions...
2020-04-21 13:49:18,558+0000 INFO  [SessionValidationThread-1]  *UNKNOWN org.apache.shiro.session.mgt.AbstractValidatingSessionManager - Finished session validation.  No sessions were stopped.
2020-04-21 13:50:00,004+0000 INFO  [quartz-4-thread-20]  *SYSTEM org.sonatype.nexus.quartz.internal.task.QuartzTaskInfo - Task 'Storage facet cleanup' [repository.storage-facet-cleanup] state change WAITING -> RUNNING
2020-04-21 13:50:00,006+0000 INFO  [quartz-4-thread-20]  *SYSTEM org.sonatype.nexus.quartz.internal.task.QuartzTaskInfo - Task 'Storage facet cleanup' [repository.storage-facet-cleanup] state change RUNNING -> WAITING (OK)
2020-04-21 14:00:00,006+0000 INFO  [quartz-4-thread-20]  *SYSTEM org.sonatype.nexus.quartz.internal.task.QuartzTaskInfo - Task 'Storage facet cleanup' [repository.storage-facet-cleanup] state change WAITING -> RUNNING
2020-04-21 14:00:00,010+0000 INFO  [quartz-4-thread-20]  *SYSTEM org.sonatype.nexus.quartz.internal.task.QuartzTaskInfo - Task 'Storage facet cleanup' [repository.storage-facet-cleanup] state change RUNNING -> WAITING (OK)
2020-04-21 14:10:00,005+0000 INFO  [quartz-4-thread-20]  *SYSTEM org.sonatype.nexus.quartz.internal.task.QuartzTaskInfo - Task 'Storage facet cleanup' [repository.storage-facet-cleanup] state change WAITING -> RUNNING
2020-04-21 14:10:00,007+0000 INFO  [quartz-4-thread-20]  *SYSTEM org.sonatype.nexus.quartz.internal.task.QuartzTaskInfo - Task 'Storage facet cleanup' [repository.storage-facet-cleanup] state change RUNNING -> WAITING (OK)
2020-04-21 14:20:00,004+0000 INFO  [quartz-4-thread-20]  *SYSTEM org.sonatype.nexus.quartz.internal.task.QuartzTaskInfo - Task 'Storage facet cleanup' [repository.storage-facet-cleanup] state change WAITING -> RUNNING
2020-04-21 14:20:00,007+0000 INFO  [quartz-4-thread-20]  *SYSTEM org.sonatype.nexus.quartz.internal.task.QuartzTaskInfo - Task 'Storage facet cleanup' [repository.storage-facet-cleanup] state change RUNNING -> WAITING (OK)
2020-04-21 14:30:00,004+0000 INFO  [quartz-4-thread-20]  *SYSTEM org.sonatype.nexus.quartz.internal.task.QuartzTaskInfo - Task 'Storage facet cleanup' [repository.storage-facet-cleanup] state change WAITING -> RUNNING
2020-04-21 14:30:00,006+0000 INFO  [quartz-4-thread-20]  *SYSTEM org.sonatype.nexus.quartz.internal.task.QuartzTaskInfo - Task 'Storage facet cleanup' [repository.storage-facet-cleanup] state change RUNNING -> WAITING (OK)
2020-04-21 14:40:00,005+0000 INFO  [quartz-4-thread-20]  *SYSTEM org.sonatype.nexus.quartz.internal.task.QuartzTaskInfo - Task 'Storage facet cleanup' [repository.storage-facet-cleanup] state change WAITING -> RUNNING
2020-04-21 14:40:00,008+0000 INFO  [quartz-4-thread-20]  *SYSTEM org.sonatype.nexus.quartz.internal.task.QuartzTaskInfo - Task 'Storage facet cleanup' [repository.storage-facet-cleanup] state change RUNNING -> WAITING (OK)
2020-04-21 14:49:18,558+0000 INFO  [SessionValidationThread-1]  *UNKNOWN org.apache.shiro.session.mgt.AbstractValidatingSessionManager - Validating all active sessions...
2020-04-21 14:49:18,558+0000 INFO  [SessionValidationThread-1]  *UNKNOWN org.apache.shiro.session.mgt.AbstractValidatingSessionManager - Finished session validation.  No sessions were stopped.
2020-04-21 14:50:00,004+0000 INFO  [quartz-4-thread-20]  *SYSTEM org.sonatype.nexus.quartz.internal.task.QuartzTaskInfo - Task 'Storage facet cleanup' [repository.storage-facet-cleanup] state change WAITING -> RUNNING
2020-04-21 14:50:00,007+0000 INFO  [quartz-4-thread-20]  *SYSTEM org.sonatype.nexus.quartz.internal.task.QuartzTaskInfo - Task 'Storage facet cleanup' [repository.storage-facet-cleanup] state change RUNNING -> WAITING (OK)
2020-04-21 15:00:00,006+0000 INFO  [quartz-4-thread-20]  *SYSTEM org.sonatype.nexus.quartz.internal.task.QuartzTaskInfo - Task 'Storage facet cleanup' [repository.storage-facet-cleanup] state change WAITING -> RUNNING
2020-04-21 15:00:00,010+0000 INFO  [quartz-4-thread-20]  *SYSTEM org.sonatype.nexus.quartz.internal.task.QuartzTaskInfo - Task 'Storage facet cleanup' [repository.storage-facet-cleanup] state change RUNNING -> WAITING (OK)
2020-04-21 15:10:00,005+0000 INFO  [quartz-4-thread-20]  *SYSTEM org.sonatype.nexus.quartz.internal.task.QuartzTaskInfo - Task 'Storage facet cleanup' [repository.storage-facet-cleanup] state change WAITING -> RUNNING
2020-04-21 15:10:00,008+0000 INFO  [quartz-4-thread-20]  *SYSTEM org.sonatype.nexus.quartz.internal.task.QuartzTaskInfo - Task 'Storage facet cleanup' [repository.storage-facet-cleanup] state change RUNNING -> WAITING (OK)
2020-04-21 15:20:00,005+0000 INFO  [quartz-4-thread-20]  *SYSTEM org.sonatype.nexus.quartz.internal.task.QuartzTaskInfo - Task 'Storage facet cleanup' [repository.storage-facet-cleanup] state change WAITING -> RUNNING
2020-04-21 15:20:00,008+0000 INFO  [quartz-4-thread-20]  *SYSTEM org.sonatype.nexus.quartz.internal.task.QuartzTaskInfo - Task 'Storage facet cleanup' [repository.storage-facet-cleanup] state change RUNNING -> WAITING (OK)
2020-04-21 15:30:00,004+0000 INFO  [quartz-4-thread-20]  *SYSTEM org.sonatype.nexus.quartz.internal.task.QuartzTaskInfo - Task 'Storage facet cleanup' [repository.storage-facet-cleanup] state change WAITING -> RUNNING
2020-04-21 15:30:00,007+0000 INFO  [quartz-4-thread-20]  *SYSTEM org.sonatype.nexus.quartz.internal.task.QuartzTaskInfo - Task 'Storage facet cleanup' [repository.storage-facet-cleanup] state change RUNNING -> WAITING (OK)
